<?xml version="1.0" encoding="UTF-8"?>
<!-- Generated by org.testng.reporters.JUnitReportReporter -->
<testsuite skipped="0" hostname="DESKTOP-N86U6N8" name="com.makeMyTrip.qa.testcases.HomePageTest" tests="1" failures="0" timestamp="25 Apr 2019 17:58:17 GMT" time="18.633" errors="0">
  <testcase name="tripPlanerTest" time="18.633" classname="com.makeMyTrip.qa.testcases.HomePageTest"/>
</testsuite> <!-- com.makeMyTrip.qa.testcases.HomePageTest -->
